Virtual User Script started at: 19.09.2020 10:51:16
Starting action vuser_init.
Web Turbo Replay of LoadRunner 12.55.0 for Windows 10; build 911 (èþë 24 2017 19:46:00)  	[MsgId: MMSG-26983]
Run mode: HTML  	[MsgId: MMSG-26993]
Replay user agent: Mozilla/5.0 (Windows NT 10.0; Win64; x64) AppleWebKit/537.36 (KHTML, like Gecko) Chrome/85.0.4183.102 Safari/537.36  	[MsgId: MMSG-26988]
Run-Time Settings file: "D:\Scripting\Vugen_script_1_buy_ticket\\default.cfg"  	[MsgId: MMSG-27141]
Ending action vuser_init.
Running Vuser...
Starting iteration 1.
Maximum number of concurrent connections per server: 6  	[MsgId: MMSG-26989]
Starting action Action.
Action.c(4): Notify: Transaction "UC_1_Buy_Ticket" started.
Action.c(6): Notify: Transaction "goToSite" started.
Action.c(10): web_add_auto_header("Sec-Fetch-Site") started  	[MsgId: MMSG-26355]
Action.c(10): web_add_auto_header("Sec-Fetch-Site") was successful  	[MsgId: MMSG-26392]
Action.c(13): web_add_auto_header("Sec-Fetch-Dest") started  	[MsgId: MMSG-26355]
Action.c(13): web_add_auto_header("Sec-Fetch-Dest") was successful  	[MsgId: MMSG-26392]
Action.c(16): web_add_auto_header("Sec-Fetch-Mode") started  	[MsgId: MMSG-26355]
Action.c(16): web_add_auto_header("Sec-Fetch-Mode") was successful  	[MsgId: MMSG-26392]
Action.c(19): web_add_auto_header("Sec-Fetch-User") started  	[MsgId: MMSG-26355]
Action.c(19): web_add_auto_header("Sec-Fetch-User") was successful  	[MsgId: MMSG-26392]
Action.c(22): web_add_auto_header("Upgrade-Insecure-Requests") started  	[MsgId: MMSG-26355]
Action.c(22): web_add_auto_header("Upgrade-Insecure-Requests") was successful  	[MsgId: MMSG-26392]
Action.c(40): web_reg_save_param_ex started  	[MsgId: MMSG-26355]
Action.c(40): Registering web_reg_save_param_ex was successful  	[MsgId: MMSG-26390]
Action.c(53): web_reg_find started  	[MsgId: MMSG-26355]
Action.c(53): Registering web_reg_find was successful  	[MsgId: MMSG-26390]
Action.c(56): web_url("WebTours") started  	[MsgId: MMSG-26355]
Action.c(56): Redirecting "http://localhost:1080/WebTours" (redirection depth is 0)  	[MsgId: MMSG-26694]
Action.c(56): To location "http://localhost:1080/WebTours/"  	[MsgId: MMSG-26693]
Action.c(56): Detected non-resource "http://localhost:1080/WebTours/header.html" in "http://localhost:1080/WebTours/"  	[MsgId: MMSG-26574]
Action.c(56): Detected non-resource "http://localhost:1080/cgi-bin/welcome.pl?signOff=true" in "http://localhost:1080/WebTours/"  	[MsgId: MMSG-26574]
Action.c(56): Found resource "http://localhost:1080/WebTours/images/hp_logo.png" in HTML "http://localhost:1080/WebTours/header.html"  	[MsgId: MMSG-26659]
Action.c(56): Found resource "http://localhost:1080/WebTours/images/webtours.png" in HTML "http://localhost:1080/WebTours/header.html"  	[MsgId: MMSG-26659]
Action.c(56): Detected non-resource "http://localhost:1080/cgi-bin/nav.pl?in=home" in "http://localhost:1080/cgi-bin/welcome.pl?signOff=true"  	[MsgId: MMSG-26574]
Action.c(56): Detected non-resource "http://localhost:1080/WebTours/home.html" in "http://localhost:1080/cgi-bin/welcome.pl?signOff=true"  	[MsgId: MMSG-26574]
Action.c(56): Found resource "http://localhost:1080/WebTours/images/mer_login.gif" in HTML "http://localhost:1080/cgi-bin/nav.pl?in=home"  	[MsgId: MMSG-26659]
Action.c(56): Registered web_reg_find successful for "Text=signOff=true" (count=1)  	[MsgId: MMSG-26364]
Action.c(56): web_url("WebTours") was successful, 10317 body bytes, 2683 header bytes, 24 chunking overhead bytes  	[MsgId: MMSG-26385]
Action.c(66): Notify: Transaction "goToSite" ended with a "Pass" status (Duration: 2.1820 Wasted Time: 0.1277).
Action.c(68): Notify: Transaction "login" started.
Action.c(70): web_remove_auto_header("Sec-Fetch-User") started  	[MsgId: MMSG-26355]
Action.c(70): Previous automatically added web header for "Sec-Fetch-User" removed  	[MsgId: MMSG-26587]
Action.c(70): web_remove/revert_auto_header("Sec-Fetch-User") was successful  	[MsgId: MMSG-26392]
Action.c(72): web_add_auto_header("Sec-Fetch-Dest") started  	[MsgId: MMSG-26355]
Action.c(72): web_add_auto_header("Sec-Fetch-Dest") was successful  	[MsgId: MMSG-26392]
Action.c(75): web_remove_auto_header("Upgrade-Insecure-Requests") started  	[MsgId: MMSG-26355]
Action.c(75): Previous automatically added web header for "Upgrade-Insecure-Requests" removed  	[MsgId: MMSG-26587]
Action.c(75): web_remove/revert_auto_header("Upgrade-Insecure-Requests") was successful  	[MsgId: MMSG-26392]
Action.c(77): web_add_header("Origin") started  	[MsgId: MMSG-26355]
Action.c(77): web_add_header("Origin") was successful  	[MsgId: MMSG-26392]
Action.c(80): web_add_auto_header("Sec-Fetch-Site") started  	[MsgId: MMSG-26355]
Action.c(80): web_add_auto_header("Sec-Fetch-Site") was successful  	[MsgId: MMSG-26392]
Action.c(85): web_reg_find started  	[MsgId: MMSG-26355]
Action.c(85): Registering web_reg_find was successful  	[MsgId: MMSG-26390]
Action.c(89): web_submit_data("login.pl") started  	[MsgId: MMSG-26355]
Action.c(89): Detected non-resource "http://localhost:1080/cgi-bin/nav.pl?page=menu&in=home" in "http://localhost:1080/cgi-bin/login.pl"  	[MsgId: MMSG-26574]
Action.c(89): Detected non-resource "http://localhost:1080/cgi-bin/login.pl?intro=true" in "http://localhost:1080/cgi-bin/login.pl"  	[MsgId: MMSG-26574]
Action.c(89): Found resource "http://localhost:1080/WebTours/images/flights.gif" in HTML "http://localhost:1080/cgi-bin/nav.pl?page=menu&in=home"  	[MsgId: MMSG-26659]
Action.c(89): Found resource "http://localhost:1080/WebTours/images/itinerary.gif" in HTML "http://localhost:1080/cgi-bin/nav.pl?page=menu&in=home"  	[MsgId: MMSG-26659]
Action.c(89): Found resource "http://localhost:1080/WebTours/images/in_home.gif" in HTML "http://localhost:1080/cgi-bin/nav.pl?page=menu&in=home"  	[MsgId: MMSG-26659]
Action.c(89): Found resource "http://localhost:1080/WebTours/images/signoff.gif" in HTML "http://localhost:1080/cgi-bin/nav.pl?page=menu&in=home"  	[MsgId: MMSG-26659]
Action.c(89): Registered web_reg_find successful for "Text=User password was correct" (count=1)  	[MsgId: MMSG-26364]
Action.c(89): web_submit_data("login.pl") was successful, 5779 body bytes, 2031 header bytes, 36 chunking overhead bytes  	[MsgId: MMSG-26385]
Action.c(106): Notify: Transaction "login" ended with a "Pass" status (Duration: 0.3228 Wasted Time: 0.0072).
Action.c(108): Notify: Transaction "click_flights" started.
Action.c(110): web_add_auto_header("Sec-Fetch-User") started  	[MsgId: MMSG-26355]
Action.c(110): web_add_auto_header("Sec-Fetch-User") was successful  	[MsgId: MMSG-26392]
Action.c(113): web_add_auto_header("Upgrade-Insecure-Requests") started  	[MsgId: MMSG-26355]
Action.c(113): web_add_auto_header("Upgrade-Insecure-Requests") was successful  	[MsgId: MMSG-26392]
Action.c(118): web_url("Search Flights Button") started  	[MsgId: MMSG-26355]
Action.c(118): Detected non-resource "http://localhost:1080/cgi-bin/nav.pl?page=menu&in=flights" in "http://localhost:1080/cgi-bin/welcome.pl?page=search"  	[MsgId: MMSG-26574]
Action.c(118): Detected non-resource "http://localhost:1080/cgi-bin/reservations.pl?page=welcome" in "http://localhost:1080/cgi-bin/welcome.pl?page=search"  	[MsgId: MMSG-26574]
Action.c(118): Found resource "http://localhost:1080/WebTours/images/in_flights.gif" in HTML "http://localhost:1080/cgi-bin/nav.pl?page=menu&in=flights"  	[MsgId: MMSG-26659]
Action.c(118): Resource "http://localhost:1080/WebTours/images/itinerary.gif" is in the cache already and will not be downloaded again  	[MsgId: MMSG-26655]
Action.c(118): Found resource "http://localhost:1080/WebTours/images/home.gif" in HTML "http://localhost:1080/cgi-bin/nav.pl?page=menu&in=flights"  	[MsgId: MMSG-26659]
Action.c(118): Resource "http://localhost:1080/WebTours/images/signoff.gif" is in the cache already and will not be downloaded again  	[MsgId: MMSG-26655]
Action.c(118): Found resource "http://localhost:1080/WebTours/images/button_next.gif" in HTML "http://localhost:1080/cgi-bin/reservations.pl?page=welcome"  	[MsgId: MMSG-26659]
Action.c(118): web_url("Search Flights Button") was successful, 8516 body bytes, 1616 header bytes, 43 chunking overhead bytes  	[MsgId: MMSG-26385]
Action.c(128): Notify: Transaction "click_flights" ended with a "Pass" status (Duration: 0.1369 Wasted Time: 0.0083).
Action.c(130): Notify: Transaction "click_find_flight" started.
Action.c(132): web_add_auto_header("Origin") started  	[MsgId: MMSG-26355]
Action.c(132): web_add_auto_header("Origin") was successful  	[MsgId: MMSG-26392]
Action.c(143): web_reg_save_param_attrib started  	[MsgId: MMSG-26355]
Action.c(143): Registering web_reg_save_param_attrib was successful  	[MsgId: MMSG-26390]
Action.c(154): web_reg_find started  	[MsgId: MMSG-26355]
Action.c(154): Registering web_reg_find was successful  	[MsgId: MMSG-26390]
Action.c(157): web_submit_data("reservations.pl") started  	[MsgId: MMSG-26355]
Action.c(157): Resource "http://localhost:1080/WebTours/images/button_next.gif" is in the cache already and will not be downloaded again  	[MsgId: MMSG-26655]
Action.c(157): Registered web_reg_find successful for "Text=From Denver (#) To Frankfurt (#)" (count=1)  	[MsgId: MMSG-26364]
Action.c(157): web_submit_data("reservations.pl") was successful, 2448 body bytes, 255 header bytes, 12 chunking overhead bytes  	[MsgId: MMSG-26385]
Action.c(181): Notify: Transaction "click_find_flight" ended with a "Pass" status (Duration: 0.1092 Wasted Time: 0.0057).
Action.c(185): Notify: Transaction "choose_flight" started.
Action.c(187): web_submit_data("reservations.pl_2") started  	[MsgId: MMSG-26355]
Action.c(187): Resource "http://localhost:1080/WebTours/images/button_next.gif" is in the cache already and will not be downloaded again  	[MsgId: MMSG-26655]
Action.c(187): web_submit_data("reservations.pl_2") was successful, 2704 body bytes, 255 header bytes, 12 chunking overhead bytes  	[MsgId: MMSG-26385]
Action.c(205): Notify: Transaction "choose_flight" ended with a "Pass" status (Duration: 0.1745 Wasted Time: 0.0041).
Action.c(207): Notify: Transaction "fill_payment_details" started.
Action.c(209): web_remove_auto_header("Origin") started  	[MsgId: MMSG-26355]
Action.c(209): Previous automatically added web header for "Origin" removed  	[MsgId: MMSG-26587]
Action.c(209): web_remove/revert_auto_header("Origin") was successful  	[MsgId: MMSG-26392]
Action.c(211): web_remove_auto_header("Sec-Fetch-User") started  	[MsgId: MMSG-26355]
Action.c(211): Previous automatically added web header for "Sec-Fetch-User" removed  	[MsgId: MMSG-26587]
Action.c(211): web_remove/revert_auto_header("Sec-Fetch-User") was successful  	[MsgId: MMSG-26392]
Action.c(213): web_remove_auto_header("Upgrade-Insecure-Requests") started  	[MsgId: MMSG-26355]
Action.c(213): Previous automatically added web header for "Upgrade-Insecure-Requests" removed  	[MsgId: MMSG-26587]
Action.c(213): web_remove/revert_auto_header("Upgrade-Insecure-Requests") was successful  	[MsgId: MMSG-26392]
Action.c(215): web_add_header("Origin") started  	[MsgId: MMSG-26355]
Action.c(215): web_add_header("Origin") was successful  	[MsgId: MMSG-26392]
Action.c(220): web_reg_find started  	[MsgId: MMSG-26355]
Action.c(220): Registering web_reg_find was successful  	[MsgId: MMSG-26390]
Action.c(223): web_reg_find started  	[MsgId: MMSG-26355]
Action.c(223): Registering web_reg_find was successful  	[MsgId: MMSG-26390]
Action.c(226): web_submit_data("reservations.pl_3") started  	[MsgId: MMSG-26355]
Action.c(226): Found resource "http://localhost:1080/WebTours/images/bookanother.gif" in HTML "http://localhost:1080/cgi-bin/reservations.pl"  	[MsgId: MMSG-26659]
Action.c(226): Registered web_reg_find successful for "Text=Thank you for booking through Web Tours." (count=1)  	[MsgId: MMSG-26364]
Action.c(226): Registered web_reg_find successful for "Text=Total Charged to Credit Card # 1234567890123456" (count=1)  	[MsgId: MMSG-26364]
Action.c(226): web_submit_data("reservations.pl_3") was successful, 3294 body bytes, 658 header bytes, 12 chunking overhead bytes  	[MsgId: MMSG-26385]
Action.c(255): Notify: Transaction "fill_payment_details" ended with a "Pass" status (Duration: 0.0932 Wasted Time: 0.0053).
Action.c(257): Notify: Transaction "click_itinerary" started.
Action.c(259): web_add_auto_header("Sec-Fetch-User") started  	[MsgId: MMSG-26355]
Action.c(259): web_add_auto_header("Sec-Fetch-User") was successful  	[MsgId: MMSG-26392]
Action.c(262): web_add_auto_header("Upgrade-Insecure-Requests") started  	[MsgId: MMSG-26355]
Action.c(262): web_add_auto_header("Upgrade-Insecure-Requests") was successful  	[MsgId: MMSG-26392]
Action.c(267): web_reg_find started  	[MsgId: MMSG-26355]
Action.c(267): Registering web_reg_find was successful  	[MsgId: MMSG-26390]
Action.c(270): web_url("Itinerary Button") started  	[MsgId: MMSG-26355]
Action.c(270): Detected non-resource "http://localhost:1080/cgi-bin/nav.pl?page=menu&in=itinerary" in "http://localhost:1080/cgi-bin/welcome.pl?page=itinerary"  	[MsgId: MMSG-26574]
Action.c(270): Detected non-resource "http://localhost:1080/cgi-bin/itinerary.pl" in "http://localhost:1080/cgi-bin/welcome.pl?page=itinerary"  	[MsgId: MMSG-26574]
Action.c(270): Resource "http://localhost:1080/WebTours/images/flights.gif" is in the cache already and will not be downloaded again  	[MsgId: MMSG-26655]
Action.c(270): Found resource "http://localhost:1080/WebTours/images/in_itinerary.gif" in HTML "http://localhost:1080/cgi-bin/nav.pl?page=menu&in=itinerary"  	[MsgId: MMSG-26659]
Action.c(270): Resource "http://localhost:1080/WebTours/images/home.gif" is in the cache already and will not be downloaded again  	[MsgId: MMSG-26655]
Action.c(270): Resource "http://localhost:1080/WebTours/images/signoff.gif" is in the cache already and will not be downloaded again  	[MsgId: MMSG-26655]
Action.c(270): Found resource "http://localhost:1080/WebTours/images/cancelreservation.gif" in HTML "http://localhost:1080/cgi-bin/itinerary.pl"  	[MsgId: MMSG-26659]
Action.c(270): Found resource "http://localhost:1080/WebTours/images/cancelallreservations.gif" in HTML "http://localhost:1080/cgi-bin/itinerary.pl"  	[MsgId: MMSG-26659]
Action.c(270): Registered web_reg_find successful for "Text=<!-- Itinerary Frame -->" (count=1)  	[MsgId: MMSG-26364]
Action.c(270): web_url("Itinerary Button") was successful, 21657 body bytes, 1616 header bytes, 67 chunking overhead bytes  	[MsgId: MMSG-26385]
Action.c(280): Notify: Transaction "click_itinerary" ended with a "Pass" status (Duration: 0.1934 Wasted Time: 0.0071).
Action.c(282): Notify: Transaction "click_log_out" started.
Action.c(284): web_remove_auto_header("Sec-Fetch-User") started  	[MsgId: MMSG-26355]
Action.c(284): Previous automatically added web header for "Sec-Fetch-User" removed  	[MsgId: MMSG-26587]
Action.c(284): web_remove/revert_auto_header("Sec-Fetch-User") was successful  	[MsgId: MMSG-26392]
Action.c(288): web_reg_find started  	[MsgId: MMSG-26355]
Action.c(288): Registering web_reg_find was successful  	[MsgId: MMSG-26390]
Action.c(291): web_url("SignOff Button") started  	[MsgId: MMSG-26355]
Action.c(291): Detected non-resource "http://localhost:1080/cgi-bin/nav.pl?in=home" in "http://localhost:1080/cgi-bin/welcome.pl?signOff=1"  	[MsgId: MMSG-26574]
Action.c(291): Detected non-resource "http://localhost:1080/WebTours/home.html" in "http://localhost:1080/cgi-bin/welcome.pl?signOff=1"  	[MsgId: MMSG-26574]
Action.c(291): Retrieving data from cache for "http://localhost:1080/WebTours/home.html"  	[MsgId: MMSG-26558]
Action.c(291): Resource "http://localhost:1080/WebTours/images/mer_login.gif" is in the cache already and will not be downloaded again  	[MsgId: MMSG-26655]
Action.c(291): Registered web_reg_find successful for "Text=Welcome to the Web Tours site." (count=1)  	[MsgId: MMSG-26364]
Action.c(291): web_url("SignOff Button") was successful, 2176 body bytes, 628 header bytes, 24 chunking overhead bytes  	[MsgId: MMSG-26385]
Action.c(301): Notify: Transaction "click_log_out" ended with a "Pass" status (Duration: 0.1092 Wasted Time: 0.0049).
Action.c(303): Notify: Transaction "UC_1_Buy_Ticket" ended with a "Pass" status (Duration: 3.3644 Wasted Time: 0.1703).
Ending action Action.
Ending iteration 1.
Ending Vuser...
Starting action vuser_end.
Ending action vuser_end.
Vuser Terminated.
