Start auto log messages stack - Iteration 1.	[MsgId: MMSG-10545]
Action.c(15): web_add_auto_header("Sec-Fetch-Mode") was successful  	[MsgId: MMSG-26392]
Action.c(18): web_add_auto_header("Sec-Fetch-User") started  	[MsgId: MMSG-26355]
Action.c(18): web_add_auto_header("Sec-Fetch-User") was successful  	[MsgId: MMSG-26392]
Action.c(21): web_add_auto_header("Upgrade-Insecure-Requests") started  	[MsgId: MMSG-26355]
Action.c(21): web_add_auto_header("Upgrade-Insecure-Requests") was successful  	[MsgId: MMSG-26392]
Action.c(36): web_reg_save_param_ex started  	[MsgId: MMSG-26355]
Action.c(36): Registering web_reg_save_param_ex was successful  	[MsgId: MMSG-26390]
Action.c(46): web_url("WebTours") started  	[MsgId: MMSG-26355]
Action.c(46): Error -27792: Failed to connect to server "localhost:1080": [10061] Connection refused  	[MsgId: MERR-27792]
Action.c(46): Error -35061: No match found for the requested parameter "userSession". Either the specified boundaries were not found in the response or the matched text is longer than current max html parameter size of 256 bytes. The total length of the response is 0 bytes. You can use "web_set_max_html_param_len" to increase the max parameter size.  	[MsgId: MERR-35061]
End auto log messages stack.	[MsgId: MMSG-10544]


Start auto log messages stack - Iteration 2.	[MsgId: MMSG-10545]
Action.c(15): web_add_auto_header("Sec-Fetch-Mode") was successful  	[MsgId: MMSG-26392]
Action.c(18): web_add_auto_header("Sec-Fetch-User") started  	[MsgId: MMSG-26355]
Action.c(18): web_add_auto_header("Sec-Fetch-User") was successful  	[MsgId: MMSG-26392]
Action.c(21): web_add_auto_header("Upgrade-Insecure-Requests") started  	[MsgId: MMSG-26355]
Action.c(21): web_add_auto_header("Upgrade-Insecure-Requests") was successful  	[MsgId: MMSG-26392]
Action.c(36): web_reg_save_param_ex started  	[MsgId: MMSG-26355]
Action.c(36): Registering web_reg_save_param_ex was successful  	[MsgId: MMSG-26390]
Action.c(46): web_url("WebTours") started  	[MsgId: MMSG-26355]
Action.c(46): Error -27792: Failed to connect to server "localhost:1080": [10061] Connection refused  	[MsgId: MERR-27792]
Action.c(46): Error -35061: No match found for the requested parameter "userSession". Either the specified boundaries were not found in the response or the matched text is longer than current max html parameter size of 256 bytes. The total length of the response is 0 bytes. You can use "web_set_max_html_param_len" to increase the max parameter size.  	[MsgId: MERR-35061]
End auto log messages stack.	[MsgId: MMSG-10544]


