Virtual User Script started at: 21.09.2020 23:33:50
Starting action vuser_init.
Web Turbo Replay of LoadRunner 12.55.0 for Windows 10; build 911 (июл 24 2017 19:46:00)  	[MsgId: MMSG-26983]
Run mode: HTML  	[MsgId: MMSG-26993]
Replay user agent: Mozilla/5.0 (Windows NT 10.0; Win64; x64) AppleWebKit/537.36 (KHTML, like Gecko) Chrome/85.0.4183.102 Safari/537.36  	[MsgId: MMSG-26988]
Run-Time Settings file: "C:\Users\Сергей\Documents\GitHub\tiri2\IBS_appLine_courseLT\Vugen_script_4_account_creation\\default.cfg"  	[MsgId: MMSG-27141]
Ending action vuser_init.
Running Vuser...
Starting iteration 1.
Maximum number of concurrent connections per server: 6  	[MsgId: MMSG-26989]
Starting action Action.
Action.c(3): Notify: Transaction "UC_4_Account_creation" started.
Action.c(5): Notify: Transaction "goToSite" started.
Action.c(9): web_add_auto_header("Sec-Fetch-Site") started  	[MsgId: MMSG-26355]
Action.c(9): web_add_auto_header("Sec-Fetch-Site") was successful  	[MsgId: MMSG-26392]
Action.c(12): web_add_auto_header("Sec-Fetch-Dest") started  	[MsgId: MMSG-26355]
Action.c(12): web_add_auto_header("Sec-Fetch-Dest") was successful  	[MsgId: MMSG-26392]
Action.c(15): web_add_auto_header("Sec-Fetch-Mode") started  	[MsgId: MMSG-26355]
Action.c(15): web_add_auto_header("Sec-Fetch-Mode") was successful  	[MsgId: MMSG-26392]
Action.c(18): web_add_auto_header("Sec-Fetch-User") started  	[MsgId: MMSG-26355]
Action.c(18): web_add_auto_header("Sec-Fetch-User") was successful  	[MsgId: MMSG-26392]
Action.c(21): web_add_auto_header("Upgrade-Insecure-Requests") started  	[MsgId: MMSG-26355]
Action.c(21): web_add_auto_header("Upgrade-Insecure-Requests") was successful  	[MsgId: MMSG-26392]
Action.c(24): web_reg_find started  	[MsgId: MMSG-26355]
Action.c(24): Registering web_reg_find was successful  	[MsgId: MMSG-26390]
Action.c(27): web_url("WebTours") started  	[MsgId: MMSG-26355]
Action.c(27): Redirecting "http://localhost:1080/WebTours" (redirection depth is 0)  	[MsgId: MMSG-26694]
Action.c(27): To location "http://localhost:1080/WebTours/"  	[MsgId: MMSG-26693]
Action.c(27): Detected non-resource "http://localhost:1080/WebTours/header.html" in "http://localhost:1080/WebTours/"  	[MsgId: MMSG-26574]
Action.c(27): Detected non-resource "http://localhost:1080/cgi-bin/welcome.pl?signOff=true" in "http://localhost:1080/WebTours/"  	[MsgId: MMSG-26574]
Action.c(27): Found resource "http://localhost:1080/WebTours/images/hp_logo.png" in HTML "http://localhost:1080/WebTours/header.html"  	[MsgId: MMSG-26659]
Action.c(27): Found resource "http://localhost:1080/WebTours/images/webtours.png" in HTML "http://localhost:1080/WebTours/header.html"  	[MsgId: MMSG-26659]
Action.c(27): Detected non-resource "http://localhost:1080/cgi-bin/nav.pl?in=home" in "http://localhost:1080/cgi-bin/welcome.pl?signOff=true"  	[MsgId: MMSG-26574]
Action.c(27): Detected non-resource "http://localhost:1080/WebTours/home.html" in "http://localhost:1080/cgi-bin/welcome.pl?signOff=true"  	[MsgId: MMSG-26574]
Action.c(27): Found resource "http://localhost:1080/WebTours/images/mer_login.gif" in HTML "http://localhost:1080/cgi-bin/nav.pl?in=home"  	[MsgId: MMSG-26659]
Action.c(27): Registered web_reg_find successful for "Text=signOff=true" (count=1)  	[MsgId: MMSG-26364]
Action.c(27): web_url("WebTours") was successful, 10318 body bytes, 2683 header bytes, 24 chunking overhead bytes  	[MsgId: MMSG-26385]
Action.c(37): Notify: Transaction "goToSite" ended with a "Pass" status (Duration: 0.4903 Wasted Time: 0.1266).
Action.c(41): Notify: Transaction "click_sign_up_now" started.
Action.c(43): web_add_auto_header("Sec-Fetch-Dest") started  	[MsgId: MMSG-26355]
Action.c(43): web_add_auto_header("Sec-Fetch-Dest") was successful  	[MsgId: MMSG-26392]
Action.c(46): web_remove_auto_header("Sec-Fetch-User") started  	[MsgId: MMSG-26355]
Action.c(46): Previous automatically added web header for "Sec-Fetch-User" removed  	[MsgId: MMSG-26587]
Action.c(46): web_remove/revert_auto_header("Sec-Fetch-User") was successful  	[MsgId: MMSG-26392]
Action.c(48): web_remove_auto_header("Upgrade-Insecure-Requests") started  	[MsgId: MMSG-26355]
Action.c(48): Previous automatically added web header for "Upgrade-Insecure-Requests" removed  	[MsgId: MMSG-26587]
Action.c(48): web_remove/revert_auto_header("Upgrade-Insecure-Requests") was successful  	[MsgId: MMSG-26392]
Action.c(50): web_add_auto_header("Sec-Fetch-Site") started  	[MsgId: MMSG-26355]
Action.c(50): web_add_auto_header("Sec-Fetch-Site") was successful  	[MsgId: MMSG-26392]
Action.c(53): web_url("sign up now") started  	[MsgId: MMSG-26355]
Action.c(53): Found resource "http://localhost:1080/WebTours/profileValidate.js" in HTML "http://localhost:1080/cgi-bin/login.pl?username=&password=&getInfo=true"  	[MsgId: MMSG-26659]
Action.c(53): Found resource "http://localhost:1080/WebTours/images/button_next.gif" in HTML "http://localhost:1080/cgi-bin/login.pl?username=&password=&getInfo=true"  	[MsgId: MMSG-26659]
Action.c(53): web_url("sign up now") was successful, 14475 body bytes, 838 header bytes, 12 chunking overhead bytes  	[MsgId: MMSG-26385]
Action.c(63): Notify: Transaction "click_sign_up_now" ended with a "Pass" status (Duration: 0.1111 Wasted Time: 0.0074).
Action.c(67): Notify: Transaction "first_registration" started.
Action.c(69): web_add_header("Origin") started  	[MsgId: MMSG-26355]
Action.c(69): web_add_header("Origin") was successful  	[MsgId: MMSG-26392]
Action.c(72): web_add_auto_header("Sec-Fetch-User") started  	[MsgId: MMSG-26355]
Action.c(72): web_add_auto_header("Sec-Fetch-User") was successful  	[MsgId: MMSG-26392]
Action.c(75): web_add_auto_header("Upgrade-Insecure-Requests") started  	[MsgId: MMSG-26355]
Action.c(75): web_add_auto_header("Upgrade-Insecure-Requests") was successful  	[MsgId: MMSG-26392]
Action.c(78): web_reg_find started  	[MsgId: MMSG-26355]
Action.c(78): Registering web_reg_find was successful  	[MsgId: MMSG-26390]
Action.c(81): web_submit_data("login.pl") started  	[MsgId: MMSG-26355]
Action.c(81): Resource "http://localhost:1080/WebTours/images/button_next.gif" is in the cache already and will not be downloaded again  	[MsgId: MMSG-26655]
Action.c(81): Registered web_reg_find successful for "Text=bobo20200921233350" (count=1)  	[MsgId: MMSG-26364]
Action.c(81): web_submit_data("login.pl") was successful, 1091 body bytes, 395 header bytes, 12 chunking overhead bytes  	[MsgId: MMSG-26385]
Action.c(101): Notify: Transaction "first_registration" ended with a "Pass" status (Duration: 0.1463 Wasted Time: 0.0057).
Action.c(105): Notify: Transaction "next_step" started.
Action.c(107): web_remove_auto_header("Sec-Fetch-User") started  	[MsgId: MMSG-26355]
Action.c(107): Previous automatically added web header for "Sec-Fetch-User" removed  	[MsgId: MMSG-26587]
Action.c(107): web_remove/revert_auto_header("Sec-Fetch-User") was successful  	[MsgId: MMSG-26392]
Action.c(109): web_remove_auto_header("Upgrade-Insecure-Requests") started  	[MsgId: MMSG-26355]
Action.c(109): Previous automatically added web header for "Upgrade-Insecure-Requests" removed  	[MsgId: MMSG-26587]
Action.c(109): web_remove/revert_auto_header("Upgrade-Insecure-Requests") was successful  	[MsgId: MMSG-26392]
Action.c(111): web_url("button_next.gif") started  	[MsgId: MMSG-26355]
Action.c(111): Detected non-resource "http://localhost:1080/cgi-bin/nav.pl?page=menu&in=home" in "http://localhost:1080/cgi-bin/welcome.pl?page=menus"  	[MsgId: MMSG-26574]
Action.c(111): Detected non-resource "http://localhost:1080/cgi-bin/login.pl?intro=true" in "http://localhost:1080/cgi-bin/welcome.pl?page=menus"  	[MsgId: MMSG-26574]
Action.c(111): Found resource "http://localhost:1080/WebTours/images/flights.gif" in HTML "http://localhost:1080/cgi-bin/nav.pl?page=menu&in=home"  	[MsgId: MMSG-26659]
Action.c(111): Found resource "http://localhost:1080/WebTours/images/itinerary.gif" in HTML "http://localhost:1080/cgi-bin/nav.pl?page=menu&in=home"  	[MsgId: MMSG-26659]
Action.c(111): Found resource "http://localhost:1080/WebTours/images/in_home.gif" in HTML "http://localhost:1080/cgi-bin/nav.pl?page=menu&in=home"  	[MsgId: MMSG-26659]
Action.c(111): Found resource "http://localhost:1080/WebTours/images/signoff.gif" in HTML "http://localhost:1080/cgi-bin/nav.pl?page=menu&in=home"  	[MsgId: MMSG-26659]
Action.c(111): web_url("button_next.gif") was successful, 5908 body bytes, 1888 header bytes, 36 chunking overhead bytes  	[MsgId: MMSG-26385]
Action.c(121): Notify: Transaction "next_step" ended with a "Pass" status (Duration: 0.2874 Wasted Time: 0.0092).
Action.c(125): Notify: Transaction "click_log_out" started.
Action.c(127): web_add_header("Sec-Fetch-User") started  	[MsgId: MMSG-26355]
Action.c(127): web_add_header("Sec-Fetch-User") was successful  	[MsgId: MMSG-26392]
Action.c(130): web_add_header("Upgrade-Insecure-Requests") started  	[MsgId: MMSG-26355]
Action.c(130): web_add_header("Upgrade-Insecure-Requests") was successful  	[MsgId: MMSG-26392]
Action.c(133): web_reg_find started  	[MsgId: MMSG-26355]
Action.c(133): Registering web_reg_find was successful  	[MsgId: MMSG-26390]
Action.c(136): web_url("SignOff Button") started  	[MsgId: MMSG-26355]
Action.c(136): Detected non-resource "http://localhost:1080/cgi-bin/nav.pl?in=home" in "http://localhost:1080/cgi-bin/welcome.pl?signOff=1"  	[MsgId: MMSG-26574]
Action.c(136): Detected non-resource "http://localhost:1080/WebTours/home.html" in "http://localhost:1080/cgi-bin/welcome.pl?signOff=1"  	[MsgId: MMSG-26574]
Action.c(136): Retrieving data from cache for "http://localhost:1080/WebTours/home.html"  	[MsgId: MMSG-26558]
Action.c(136): Resource "http://localhost:1080/WebTours/images/mer_login.gif" is in the cache already and will not be downloaded again  	[MsgId: MMSG-26655]
Action.c(136): Registered web_reg_find successful for "Text=Welcome to the Web Tours site." (count=1)  	[MsgId: MMSG-26364]
Action.c(136): web_url("SignOff Button") was successful, 2172 body bytes, 628 header bytes, 24 chunking overhead bytes  	[MsgId: MMSG-26385]
Action.c(146): Notify: Transaction "click_log_out" ended with a "Pass" status (Duration: 0.1312 Wasted Time: 0.0090).
Action.c(148): Notify: Transaction "UC_4_Account_creation" ended with a "Pass" status (Duration: 1.1876 Wasted Time: 0.1580).
Ending action Action.
Ending iteration 1.
Ending Vuser...
Starting action vuser_end.
Ending action vuser_end.
Vuser Terminated.
