Error: missing newline in D:\Scripting\Vugen_script_4_account_creation\..\params\addres.dat	[MsgId: MERR-13874]
Error: missing newline in D:\Scripting\Vugen_script_4_account_creation\..\params\surname1.dat	[MsgId: MERR-13874]
Error: Parameter 'address2': Invalid column name '2' for table '..\params\addres.dat'.	[MsgId: MERR-13897]
Start auto log messages stack - Iteration 1.	[MsgId: MMSG-10545]
Action.c(73): web_add_auto_header("Upgrade-Insecure-Requests") was successful  	[MsgId: MMSG-26392]
Action.c(76): lr_think_time: 97,00 seconds.	[MsgId: MMSG-15948]
Action.c(78): web_reg_find started  	[MsgId: MMSG-26355]
Action.c(78): Registering web_reg_find was successful  	[MsgId: MMSG-26390]
Action.c(81): web_submit_data("login.pl") started  	[MsgId: MMSG-26355]
Action.c(81): Connection to localhost:1080 closed after being inactive for 97 seconds, exceeding the "HTTP Keep-Alive timeout" Run-Time Setting (60 seconds). URL="http://localhost:1080/cgi-bin/login.pl"  	[MsgId: MMSG-27650]
Action.c(81): Resource "http://localhost:1080/WebTours/images/button_next.gif" is in the cache already and will not be downloaded again  	[MsgId: MMSG-26655]
Action.c(81): Error -26366: "Text="text" name="bobo20200920180523"" not found for web_reg_find  	[MsgId: MERR-26366]
End auto log messages stack.	[MsgId: MMSG-10544]


Start auto log messages stack - Iteration 2.	[MsgId: MMSG-10545]
Action.c(73): web_add_auto_header("Upgrade-Insecure-Requests") was successful  	[MsgId: MMSG-26392]
Action.c(76): lr_think_time: 97,00 seconds.	[MsgId: MMSG-15948]
Action.c(78): web_reg_find started  	[MsgId: MMSG-26355]
Action.c(78): Registering web_reg_find was successful  	[MsgId: MMSG-26390]
Action.c(81): web_submit_data("login.pl") started  	[MsgId: MMSG-26355]
Action.c(81): Connection to localhost:1080 closed after being inactive for 97 seconds, exceeding the "HTTP Keep-Alive timeout" Run-Time Setting (60 seconds). URL="http://localhost:1080/cgi-bin/login.pl"  	[MsgId: MMSG-27650]
Action.c(81): Resource "http://localhost:1080/WebTours/images/button_next.gif" is in the cache already and will not be downloaded again  	[MsgId: MMSG-26655]
Action.c(81): Error -26366: "Text="text" name="bobo20200920181123"" not found for web_reg_find  	[MsgId: MERR-26366]
End auto log messages stack.	[MsgId: MMSG-10544]


Start auto log messages stack - Iteration 3.	[MsgId: MMSG-10545]
Action.c(73): web_add_auto_header("Upgrade-Insecure-Requests") was successful  	[MsgId: MMSG-26392]
Action.c(76): lr_think_time: 97,00 seconds.	[MsgId: MMSG-15948]
Action.c(78): web_reg_find started  	[MsgId: MMSG-26355]
Action.c(78): Registering web_reg_find was successful  	[MsgId: MMSG-26390]
Action.c(81): web_submit_data("login.pl") started  	[MsgId: MMSG-26355]
Action.c(81): Connection to localhost:1080 closed after being inactive for 97 seconds, exceeding the "HTTP Keep-Alive timeout" Run-Time Setting (60 seconds). URL="http://localhost:1080/cgi-bin/login.pl"  	[MsgId: MMSG-27650]
Action.c(81): Resource "http://localhost:1080/WebTours/images/button_next.gif" is in the cache already and will not be downloaded again  	[MsgId: MMSG-26655]
Action.c(81): Error -26366: "Text="text" name="bobo20200920181723"" not found for web_reg_find  	[MsgId: MERR-26366]
End auto log messages stack.	[MsgId: MMSG-10544]


