Virtual User Script started at: 23.09.2020 17:09:55	[MsgId: MMSG-15967]
Starting action vuser_init.	[MsgId: MMSG-15919]
Web Turbo Replay of LoadRunner 12.55.0 for Windows 10; build 911 (июл 24 2017 19:46:00)  	[MsgId: MMSG-26983]
Run mode: HTML  	[MsgId: MMSG-26993]
Replay user agent: Mozilla/5.0 (Windows NT 10.0; Win64; x64) AppleWebKit/537.36 (KHTML, like Gecko) Chrome/85.0.4183.102 Safari/537.36  	[MsgId: MMSG-26988]
Run-Time Settings file: "C:\Users\Сергей\AppData\Local\Temp\lr5tmpdirDzQ.50\lrcfgojx.51\cfgFlm.56"  	[MsgId: MMSG-27141]
Ending action vuser_init.	[MsgId: MMSG-15918]
Running Vuser...	[MsgId: MMSG-15964]
Starting iteration 1.	[MsgId: MMSG-15968]
Maximum number of concurrent connections per server: 6  	[MsgId: MMSG-26989]
Starting action Action.	[MsgId: MMSG-15919]
Action.c(4): Notify: Transaction "UC_1_Buy_Ticket" started.	[MsgId: MMSG-16999]
Action.c(6): Notify: Transaction "goToSite" started.	[MsgId: MMSG-16999]
Action.c(10): web_add_auto_header("Sec-Fetch-Site") started  	[MsgId: MMSG-26355]
Action.c(10): web_add_auto_header("Sec-Fetch-Site") was successful  	[MsgId: MMSG-26392]
Action.c(13): web_add_auto_header("Sec-Fetch-Dest") started  	[MsgId: MMSG-26355]
Action.c(13): web_add_auto_header("Sec-Fetch-Dest") was successful  	[MsgId: MMSG-26392]
Action.c(16): web_add_auto_header("Sec-Fetch-Mode") started  	[MsgId: MMSG-26355]
Action.c(16): web_add_auto_header("Sec-Fetch-Mode") was successful  	[MsgId: MMSG-26392]
Action.c(19): web_add_auto_header("Sec-Fetch-User") started  	[MsgId: MMSG-26355]
Action.c(19): web_add_auto_header("Sec-Fetch-User") was successful  	[MsgId: MMSG-26392]
Action.c(22): web_add_auto_header("Upgrade-Insecure-Requests") started  	[MsgId: MMSG-26355]
Action.c(22): web_add_auto_header("Upgrade-Insecure-Requests") was successful  	[MsgId: MMSG-26392]
Action.c(40): web_reg_save_param_ex started  	[MsgId: MMSG-26355]
Action.c(40): Registering web_reg_save_param_ex was successful  	[MsgId: MMSG-26390]
Action.c(51): web_reg_find started  	[MsgId: MMSG-26355]
Action.c(51): Registering web_reg_find was successful  	[MsgId: MMSG-26390]
Action.c(54): web_url("WebTours") started  	[MsgId: MMSG-26355]
Action.c(54): Error -27792: Failed to connect to server "localhost:1080": [10061] Connection refused  	[MsgId: MERR-27792]
Action.c(54): Error -35061: No match found for the requested parameter "userSession". Either the specified boundaries were not found in the response or the matched text is longer than current max html parameter size of 256 bytes. The total length of the response is 0 bytes. You can use "web_set_max_html_param_len" to increase the max parameter size.  	[MsgId: MERR-35061]
Action.c(54): Error -26366: "Text=signOff=true" not found for web_reg_find  	[MsgId: MERR-26366]
Action.c(54): Error -26374: The above "not found" error(s) may be explained by header and body byte counts being 0 and 0, respectively.  	[MsgId: MERR-26374]
Action.c(54): web_url("WebTours") highest severity level was "ERROR", 0 body bytes, 0 header bytes  	[MsgId: MMSG-26388]
Action.c(54): Notify: Transaction "goToSite" ended with a "Fail" status (Duration: 1,0047 Wasted Time: 0,0005).	[MsgId: MMSG-16871]
Action.c(54): Notify: Transaction "goToSite" has 3 error message(s).	[MsgId: MMSG-16818]
Action.c(54): Notify: The 1st error message associated with transaction "goToSite" is "Error -27792: Failed to connect to server "localhost:1080": [10061] Connection refused"	[MsgId: MMSG-16819]
Action.c(54): Notify: The 2nd error message associated with transaction "goToSite" is "Error -26366: "Text=signOff=true" not found for web_reg_find"	[MsgId: MMSG-16819]
Action.c(54): Notify: The 3rd error message associated with transaction "goToSite" is "Error -26374: The above "not found" error(s) may be explained by header and body byte counts being 0 and 0, respectively."	[MsgId: MMSG-16819]
Action.c(54): Notify: Transaction "UC_1_Buy_Ticket" ended with a "Fail" status (Duration: 1,0048 Wasted Time: 0,0005).	[MsgId: MMSG-16871]
Action.c(54): Notify: Transaction "UC_1_Buy_Ticket" has 3 error message(s).	[MsgId: MMSG-16818]
Action.c(54): Notify: The 1st error message associated with transaction "UC_1_Buy_Ticket" is "Error -27792: Failed to connect to server "localhost:1080": [10061] Connection refused"	[MsgId: MMSG-16819]
Action.c(54): Notify: The 2nd error message associated with transaction "UC_1_Buy_Ticket" is "Error -26366: "Text=signOff=true" not found for web_reg_find"	[MsgId: MMSG-16819]
Action.c(54): Notify: The 3rd error message associated with transaction "UC_1_Buy_Ticket" is "Error -26374: The above "not found" error(s) may be explained by header and body byte counts being 0 and 0, respectively."	[MsgId: MMSG-16819]
Ending action Action.	[MsgId: MMSG-15918]
Ending iteration 1.	[MsgId: MMSG-15965]
Waiting 98,9930 seconds for iteration pacing.	[MsgId: MMSG-15996]
Ending Vuser...	[MsgId: MMSG-15966]
Starting action vuser_end.	[MsgId: MMSG-15919]
Ending action vuser_end.	[MsgId: MMSG-15918]
Vuser Terminated.	[MsgId: MMSG-15963]
